<?xml version="1.0" encoding="UTF-8" ?>
<testsuite tests="4" failures="0" name="com.mycompany.dao.implMongoDB.MongoDBUserDAOTest" time="1.22" errors="0" skipped="0">
  <properties>
[...]
</properties>
  <testcase classname="com.mycompany.dao.implMongoDB.MongoDBUserDAOTest" name="testGetAllUsers" time="0.103"/>
  <testcase classname="com.mycompany.dao.implMongoDB.MongoDBUserDAOTest" name="testUpdateUser" time="0.123"/>
  <testcase classname="com.mycompany.dao.implMongoDB.MongoDBUserDAOTest" name="testInsertUser" time="0.002"/>
  <testcase classname="com.mycompany.dao.implMongoDB.MongoDBUserDAOTest" name="testDeleteUser" time="0.01"/>
</testsuite>